Removed Pin From Net: NetName=GND Pin=C4-2
Removed Pin From Net: NetName=GND Pin=C5-2
Removed Pin From Net: NetName=GND Pin=J2-2
Removed Pin From Net: NetName=TXD0 Pin=J2-5
Removed Pin From Net: NetName=RXD0 Pin=J2-6
Removed Pin From Net: NetName=3V3 Pin=R6-2
Removed Pin From Net: NetName=GND Pin=SW1-2
Removed Pin From Net: NetName=GND Pin=SW2-2
Removed Member From Class: ClassName=Controller Member=C4
Removed Member From Class: ClassName=Controller Member=C5
Removed Member From Class: ClassName=Controller Member=J2
Removed Member From Class: ClassName=Controller Member=Q1
Removed Member From Class: ClassName=Controller Member=Q2
Removed Member From Class: ClassName=Controller Member=R1
Removed Member From Class: ClassName=Controller Member=R2
Removed Member From Class: ClassName=Controller Member=R6
Removed Member From Class: ClassName=Controller Member=R7
Removed Member From Class: ClassName=Controller Member=R8
Removed Member From Class: ClassName=Controller Member=SW1
Removed Member From Class: ClassName=Controller Member=SW2
